<?xml version="1.0" encoding="UTF-8"?>
<!-- Generated by org.testng.reporters.JUnitXMLReporter -->
<testsuite ignored="0" hostname="TVDI-021" failures="0" tests="5" name="Default test" time="5.276" errors="0" timestamp="2023-03-08T16:36:48 IST">
  <testcase classname="RestAssuredTests.RestAssuredDemotests" name="getDelayedResponse" time="3.1"/>
  <testcase classname="RestAssuredTests.RestAssuredDemotests" name="getListUsers" time="0.306"/>
  <testcase classname="RestAssuredTests.RestAssuredDemotests" name="getSingleResource" time="0.242"/>
  <testcase classname="RestAssuredTests.RestAssuredDemotests" name="getSingleUser" time="0.248"/>
  <testcase classname="RestAssuredTests.RestAssuredDemotests" name="getSingleUserNotFound" time="0.625"/>
</testsuite> <!-- Default test -->
