<?xml version="1.0" encoding="UTF-8"?>
<!-- Generated by org.testng.reporters.JUnitXMLReporter -->
<testsuite ignored="0" hostname="TVDI-024" failures="0" tests="5" name="Default test" time="5.023" errors="0" timestamp="2023-03-07T20:15:49 IST">
  <testcase classname="RestAssuredTests.RestAssuredDemotests" name="getDelayedResponse" time="2.928"/>
  <testcase classname="RestAssuredTests.RestAssuredDemotests" name="getListUsers" time="0.296"/>
  <testcase classname="RestAssuredTests.RestAssuredDemotests" name="getSingleResource" time="0.252"/>
  <testcase classname="RestAssuredTests.RestAssuredDemotests" name="getSingleUser" time="0.244"/>
  <testcase classname="RestAssuredTests.RestAssuredDemotests" name="getSingleUserNotFound" time="0.588"/>
</testsuite> <!-- Default test -->
