<?xml version="1.0" encoding="UTF-8"?>
<!-- Generated by org.testng.reporters.JUnitXMLReporter -->
<testsuite ignored="0" hostname="TVDI-019" failures="0" tests="6" name="Regression" time="5.102" errors="0" timestamp="2023-03-09T12:58:19 IST">
  <testcase classname="RestAssuredTests.RestAssuredDemotests" name="getDelayedResponse" time="3.041"/>
  <testcase classname="RestAssuredTests.RestAssuredDemotests" name="getListUsers" time="0.335"/>
  <testcase classname="RestAssuredTests.RestAssuredDemotests" name="getSingleResource" time="0.27"/>
  <testcase classname="RestAssuredTests.RestAssuredDemotests" name="getSingleResource8" time="0.241"/>
  <testcase classname="RestAssuredTests.RestAssuredDemotests" name="getSingleUser" time="0.26"/>
  <testcase classname="RestAssuredTests.RestAssuredDemotests" name="getSingleUserNotFound" time="0.241"/>
</testsuite> <!-- Regression -->
