<?xml version="1.0" encoding="UTF-8"?>
<testng-results ignored="0" total="5" passed="5" failed="0" skipped="0">
  <reporter-output>
  </reporter-output>
  <suite started-at="2023-03-07T20:28:25 IST" name="Rest Assured Demo" finished-at="2023-03-07T20:28:29 IST" duration-ms="4785">
    <groups>
    </groups>
    <test started-at="2023-03-07T20:28:25 IST" name="Regression" finished-at="2023-03-07T20:28:29 IST" duration-ms="4785">
      <class name="RestAssuredTests.RestAssuredDemotests">
        <test-method is-config="true" signature="commonutil()[pri:0, instance:RestAssuredTests.RestAssuredDemotests@73e22a3d]" started-at="2023-03-07T20:28:25 IST" name="commonutil" finished-at="2023-03-07T20:28:25 IST" duration-ms="761" status="PASS">
          <reporter-output>
          </reporter-output>
        </test-method> <!-- commonutil -->
        <test-method signature="getDelayedResponse()[pri:0, instance:RestAssuredTests.RestAssuredDemotests@73e22a3d]" started-at="2023-03-07T20:28:25 IST" name="getDelayedResponse" finished-at="2023-03-07T20:28:28 IST" duration-ms="2922" status="PASS">
          <reporter-output>
          </reporter-output>
        </test-method> <!-- getDelayedResponse -->
        <test-method signature="getListUsers()[pri:0, instance:RestAssuredTests.RestAssuredDemotests@73e22a3d]" started-at="2023-03-07T20:28:28 IST" name="getListUsers" finished-at="2023-03-07T20:28:29 IST" duration-ms="299" status="PASS">
          <reporter-output>
          </reporter-output>
        </test-method> <!-- getListUsers -->
        <test-method signature="getSingleResource()[pri:0, instance:RestAssuredTests.RestAssuredDemotests@73e22a3d]" started-at="2023-03-07T20:28:29 IST" name="getSingleResource" finished-at="2023-03-07T20:28:29 IST" duration-ms="241" status="PASS">
          <reporter-output>
          </reporter-output>
        </test-method> <!-- getSingleResource -->
        <test-method signature="getSingleUser()[pri:0, instance:RestAssuredTests.RestAssuredDemotests@73e22a3d]" started-at="2023-03-07T20:28:29 IST" name="getSingleUser" finished-at="2023-03-07T20:28:29 IST" duration-ms="276" status="PASS">
          <reporter-output>
          </reporter-output>
        </test-method> <!-- getSingleUser -->
        <test-method signature="getSingleUserNotFound()[pri:0, instance:RestAssuredTests.RestAssuredDemotests@73e22a3d]" started-at="2023-03-07T20:28:29 IST" name="getSingleUserNotFound" finished-at="2023-03-07T20:28:29 IST" duration-ms="219" status="PASS">
          <reporter-output>
          </reporter-output>
        </test-method> <!-- getSingleUserNotFound -->
      </class> <!-- RestAssuredTests.RestAssuredDemotests -->
    </test> <!-- Regression -->
  </suite> <!-- Rest Assured Demo -->
</testng-results>
