<?xml version="1.0" encoding="UTF-8"?>
<testng-results ignored="0" total="6" passed="6" failed="0" skipped="0">
  <reporter-output>
  </reporter-output>
  <suite started-at="2023-03-09T12:58:13 IST" name="Rest Assured Demo" finished-at="2023-03-09T12:58:19 IST" duration-ms="5102">
    <groups>
    </groups>
    <test started-at="2023-03-09T12:58:13 IST" name="Regression" finished-at="2023-03-09T12:58:19 IST" duration-ms="5102">
      <class name="RestAssuredTests.RestAssuredDemotests">
        <test-method is-config="true" signature="commonutil()[pri:0, instance:RestAssuredTests.RestAssuredDemotests@659a969b]" started-at="2023-03-09T12:58:13 IST" name="commonutil" finished-at="2023-03-09T12:58:14 IST" duration-ms="645" status="PASS">
          <reporter-output>
          </reporter-output>
        </test-method> <!-- commonutil -->
        <test-method signature="getDelayedResponse()[pri:0, instance:RestAssuredTests.RestAssuredDemotests@659a969b]" started-at="2023-03-09T12:58:14 IST" name="getDelayedResponse" finished-at="2023-03-09T12:58:17 IST" duration-ms="3041" status="PASS">
          <reporter-output>
          </reporter-output>
        </test-method> <!-- getDelayedResponse -->
        <test-method signature="getListUsers()[pri:0, instance:RestAssuredTests.RestAssuredDemotests@659a969b]" started-at="2023-03-09T12:58:17 IST" name="getListUsers" finished-at="2023-03-09T12:58:17 IST" duration-ms="335" status="PASS">
          <reporter-output>
          </reporter-output>
        </test-method> <!-- getListUsers -->
        <test-method signature="getSingleResource()[pri:0, instance:RestAssuredTests.RestAssuredDemotests@659a969b]" started-at="2023-03-09T12:58:17 IST" name="getSingleResource" finished-at="2023-03-09T12:58:18 IST" duration-ms="270" status="PASS">
          <reporter-output>
          </reporter-output>
        </test-method> <!-- getSingleResource -->
        <test-method signature="getSingleResource8()[pri:0, instance:RestAssuredTests.RestAssuredDemotests@659a969b]" started-at="2023-03-09T12:58:18 IST" name="getSingleResource8" finished-at="2023-03-09T12:58:18 IST" duration-ms="241" status="PASS">
          <reporter-output>
          </reporter-output>
        </test-method> <!-- getSingleResource8 -->
        <test-method signature="getSingleUser()[pri:0, instance:RestAssuredTests.RestAssuredDemotests@659a969b]" started-at="2023-03-09T12:58:18 IST" name="getSingleUser" finished-at="2023-03-09T12:58:18 IST" duration-ms="260" status="PASS">
          <reporter-output>
          </reporter-output>
        </test-method> <!-- getSingleUser -->
        <test-method signature="getSingleUserNotFound()[pri:0, instance:RestAssuredTests.RestAssuredDemotests@659a969b]" started-at="2023-03-09T12:58:18 IST" name="getSingleUserNotFound" finished-at="2023-03-09T12:58:19 IST" duration-ms="241" status="PASS">
          <reporter-output>
          </reporter-output>
        </test-method> <!-- getSingleUserNotFound -->
      </class> <!-- RestAssuredTests.RestAssuredDemotests -->
    </test> <!-- Regression -->
  </suite> <!-- Rest Assured Demo -->
</testng-results>
